This is ApacheBench, Version 2.3 <$Revision: 655654 $>
Copyright 1996 Adam Twiss, Zeus Technology Ltd, http://www.zeustech.net/
Licensed to The Apache Software Foundation, http://www.apache.org/

Benchmarking 127.0.0.1 (be patient)


Server Software:        Apache/2.2.26
Server Hostname:        127.0.0.1
Server Port:            80

Document Path:          /
Document Length:        3772 bytes

Concurrency Level:      50
Time taken for tests:   1.442 seconds
Complete requests:      1000
Failed requests:        0
Write errors:           0
Total transferred:      3989000 bytes
HTML transferred:       3772000 bytes
Requests per second:    693.55 [#/sec] (mean)
Time per request:       72.092 [ms] (mean)
Time per request:       1.442 [ms] (mean, across all concurrent requests)
Transfer rate:          2701.74 [Kbytes/sec] received

Connection Times (ms)
              min  mean[+/-sd] median   max
Connect:        0    0   1.3      0       7
Processing:     6   71  14.2     70     136
Waiting:        6   68  13.2     68     124
Total:          8   71  13.9     71     136

Percentage of the requests served within a certain time (ms)
  50%     71
  66%     77
  75%     81
  80%     83
  90%     88
  95%     92
  98%     95
  99%    100
 100%    136 (longest request)
