This is ApacheBench, Version 2.3 <$Revision: 655654 $>
Copyright 1996 Adam Twiss, Zeus Technology Ltd, http://www.zeustech.net/
Licensed to The Apache Software Foundation, http://www.apache.org/

Benchmarking 127.0.0.1 (be patient)


Server Software:        
Server Hostname:        127.0.0.1
Server Port:            8282

Document Path:          /
Document Length:        171 bytes

Concurrency Level:      50
Time taken for tests:   0.604 seconds
Complete requests:      1000
Failed requests:        0
Write errors:           0
Total transferred:      216000 bytes
HTML transferred:       171000 bytes
Requests per second:    1656.98 [#/sec] (mean)
Time per request:       30.175 [ms] (mean)
Time per request:       0.604 [ms] (mean, across all concurrent requests)
Transfer rate:          349.52 [Kbytes/sec] received

Connection Times (ms)
              min  mean[+/-sd] median   max
Connect:        0    0   0.4      0       3
Processing:     1   29   6.2     30      53
Waiting:        1   29   6.2     30      53
Total:          4   29   5.9     30      53

Percentage of the requests served within a certain time (ms)
  50%     30
  66%     32
  75%     33
  80%     34
  90%     36
  95%     39
  98%     42
  99%     42
 100%     53 (longest request)
