This is ApacheBench, Version 2.3 <$Revision: 655654 $>
Copyright 1996 Adam Twiss, Zeus Technology Ltd, http://www.zeustech.net/
Licensed to The Apache Software Foundation, http://www.apache.org/

Benchmarking 127.0.0.1 (be patient)


Server Software:        lighttpd/1.4.34
Server Hostname:        127.0.0.1
Server Port:            80

Document Path:          /
Document Length:        4106 bytes

Concurrency Level:      50
Time taken for tests:   0.346 seconds
Complete requests:      1000
Failed requests:        0
Write errors:           0
Total transferred:      4253000 bytes
HTML transferred:       4106000 bytes
Requests per second:    2887.79 [#/sec] (mean)
Time per request:       17.314 [ms] (mean)
Time per request:       0.346 [ms] (mean, across all concurrent requests)
Transfer rate:          11993.90 [Kbytes/sec] received

Connection Times (ms)
              min  mean[+/-sd] median   max
Connect:        0    0   0.6      0       3
Processing:     1   17   3.1     17      21
Waiting:        1   16   3.4     17      21
Total:          4   17   2.6     17      21

Percentage of the requests served within a certain time (ms)
  50%     17
  66%     18
  75%     18
  80%     18
  90%     19
  95%     20
  98%     21
  99%     21
 100%     21 (longest request)
