This is ApacheBench, Version 2.3 <$Revision: 655654 $>
Copyright 1996 Adam Twiss, Zeus Technology Ltd, http://www.zeustech.net/
Licensed to The Apache Software Foundation, http://www.apache.org/

Benchmarking 127.0.0.1 (be patient)


Server Software:        Apache/2.2.26
Server Hostname:        127.0.0.1
Server Port:            80

Document Path:          /cgi-bin/info.php
Document Length:        84080 bytes

Concurrency Level:      50
Time taken for tests:   2.647 seconds
Complete requests:      1000
Failed requests:        80
   (Connect: 0, Receive: 0, Length: 80, Exceptions: 0)
Write errors:           0
Total transferred:      84280907 bytes
HTML transferred:       84079907 bytes
Requests per second:    377.82 [#/sec] (mean)
Time per request:       132.337 [ms] (mean)
Time per request:       2.647 [ms] (mean, across all concurrent requests)
Transfer rate:          31097.08 [Kbytes/sec] received

Connection Times (ms)
              min  mean[+/-sd] median   max
Connect:        0    0   0.9      0       5
Processing:    13  130  23.2    131     195
Waiting:       12  123  21.4    124     176
Total:         17  130  22.9    131     195

Percentage of the requests served within a certain time (ms)
  50%    131
  66%    140
  75%    145
  80%    149
  90%    158
  95%    166
  98%    172
  99%    176
 100%    195 (longest request)
