This is ApacheBench, Version 2.3 <$Revision: 655654 $>
Copyright 1996 Adam Twiss, Zeus Technology Ltd, http://www.zeustech.net/
Licensed to The Apache Software Foundation, http://www.apache.org/

Benchmarking 127.0.0.1 (be patient)


Server Software:        
Server Hostname:        127.0.0.1
Server Port:            8282

Document Path:          /cgi/info.php
Document Length:        75031 bytes

Concurrency Level:      50
Time taken for tests:   15.667 seconds
Complete requests:      1000
Failed requests:        96
   (Connect: 0, Receive: 0, Length: 96, Exceptions: 0)
Write errors:           0
Total transferred:      75099892 bytes
HTML transferred:       75030892 bytes
Requests per second:    63.83 [#/sec] (mean)
Time per request:       783.346 [ms] (mean)
Time per request:       15.667 [ms] (mean, across all concurrent requests)
Transfer rate:          4681.18 [Kbytes/sec] received

Connection Times (ms)
              min  mean[+/-sd] median   max
Connect:        0    0   0.8      0       5
Processing:    60  765  96.1    776     905
Waiting:       59  765  96.1    776     905
Total:         64  765  95.4    776     905

Percentage of the requests served within a certain time (ms)
  50%    776
  66%    786
  75%    793
  80%    798
  90%    813
  95%    847
  98%    872
  99%    885
 100%    905 (longest request)
