This is ApacheBench, Version 2.3 <$Revision: 655654 $>
Copyright 1996 Adam Twiss, Zeus Technology Ltd, http://www.zeustech.net/
Licensed to The Apache Software Foundation, http://www.apache.org/

Benchmarking 127.0.0.1 (be patient)


Server Software:        Apache/2.2.26
Server Hostname:        127.0.0.1
Server Port:            80

Document Path:          /big.txt
Document Length:        5702414 bytes

Concurrency Level:      50
Time taken for tests:   8.057 seconds
Complete requests:      1000
Failed requests:        0
Write errors:           0
Total transferred:      5702721000 bytes
HTML transferred:       5702414000 bytes
Requests per second:    124.12 [#/sec] (mean)
Time per request:       402.849 [ms] (mean)
Time per request:       8.057 [ms] (mean, across all concurrent requests)
Transfer rate:          691210.14 [Kbytes/sec] received

Connection Times (ms)
              min  mean[+/-sd] median   max
Connect:        1    1   0.3      1       5
Processing:   169  398  83.6    390     638
Waiting:        1   41  88.1      3     310
Total:        170  399  83.6    391     640

Percentage of the requests served within a certain time (ms)
  50%    391
  66%    392
  75%    395
  80%    400
  90%    577
  95%    615
  98%    632
  99%    636
 100%    640 (longest request)
