This is ApacheBench, Version 2.3 <$Revision: 655654 $>
Copyright 1996 Adam Twiss, Zeus Technology Ltd, http://www.zeustech.net/
Licensed to The Apache Software Foundation, http://www.apache.org/

Benchmarking 127.0.0.1 (be patient)


Server Software:        
Server Hostname:        127.0.0.1
Server Port:            8282

Document Path:          /big.txt
Document Length:        5702414 bytes

Concurrency Level:      50
Time taken for tests:   21.926 seconds
Complete requests:      1000
Failed requests:        0
Write errors:           0
Total transferred:      5702459000 bytes
HTML transferred:       5702414000 bytes
Requests per second:    45.61 [#/sec] (mean)
Time per request:       1096.294 [ms] (mean)
Time per request:       21.926 [ms] (mean, across all concurrent requests)
Transfer rate:          253983.20 [Kbytes/sec] received

Connection Times (ms)
              min  mean[+/-sd] median   max
Connect:        0    1   2.1      0      11
Processing:    50 1070 132.4   1094    1150
Waiting:       16 1051 132.5   1075    1123
Total:         55 1070 130.6   1094    1150

Percentage of the requests served within a certain time (ms)
  50%   1094
  66%   1103
  75%   1109
  80%   1113
  90%   1122
  95%   1127
  98%   1133
  99%   1135
 100%   1150 (longest request)
